
> namma-ooru-smart@0.0.2 build
> vite build

[36mvite v7.3.1 [32mbuilding client environment for production...[36m[39m
transforming...
[32mΓ£ô[39m 1858 modules transformed.
rendering chunks...
computing gzip size...
[2mdist/[22m[32mindex.html                         [39m[1m[2m    1.74 kB[22m[1m[22m[2m Γöé gzip:   0.77 kB[22m
[2mdist/[22m[32massets/a11-ChCJozUE.webp           [39m[1m[2m    4.47 kB[22m[1m[22m
[2mdist/[22m[32massets/b22-CYvz5u2L.webp           [39m[1m[2m    4.84 kB[22m[1m[22m
[2mdist/[22m[32massets/a51-Cc09igEH.webp           [39m[1m[2m    6.09 kB[22m[1m[22m
[2mdist/[22m[32massets/a1111-C5me2W3b.webp         [39m[1m[2m    6.47 kB[22m[1m[22m
[2mdist/[22m[32massets/a21-CXZYZAEZ.jpeg           [39m[1m[2m    6.47 kB[22m[1m[22m
[2mdist/[22m[32massets/a111-TOpdInB5.webp          [39m[1m[2m    6.60 kB[22m[1m[22m
[2mdist/[22m[32massets/a52-BAYe2Xor.webp           [39m[1m[2m    6.99 kB[22m[1m[22m
[2mdist/[22m[32massets/b12-C1GHO6wb.webp           [39m[1m[2m   13.36 kB[22m[1m[22m
[2mdist/[22m[32massets/b13-CmMIt65-.webp           [39m[1m[2m   13.59 kB[22m[1m[22m
[2mdist/[22m[32massets/e12-DI9zn2Js.webp           [39m[1m[2m   16.93 kB[22m[1m[22m
[2mdist/[22m[32massets/f11-B7IW3KzY.webp           [39m[1m[2m   20.84 kB[22m[1m[22m
[2mdist/[22m[32massets/g11-BKoahBzb.webp           [39m[1m[2m   21.84 kB[22m[1m[22m
[2mdist/[22m[32massets/e11-_hPaIV6f.webp           [39m[1m[2m   22.55 kB[22m[1m[22m
[2mdist/[22m[32massets/j1-BBkCxx0Y.webp            [39m[1m[2m   23.22 kB[22m[1m[22m
[2mdist/[22m[32massets/b11-CWZuxm9y.webp           [39m[1m[2m   24.09 kB[22m[1m[22m
[2mdist/[22m[32massets/c15-DV3CRjJN.webp           [39m[1m[2m   26.16 kB[22m[1m[22m
[2mdist/[22m[32massets/a41-Iy70QrJx.webp           [39m[1m[2m   28.10 kB[22m[1m[22m
[2mdist/[22m[32massets/a53-EzIaul8w.webp           [39m[1m[2m   28.33 kB[22m[1m[22m
[2mdist/[22m[32massets/c14-CZLsZl29.webp           [39m[1m[2m   30.01 kB[22m[1m[22m
[2mdist/[22m[32massets/a22-BxJz8Tor.webp           [39m[1m[2m   31.27 kB[22m[1m[22m
[2mdist/[22m[32massets/c11-BNpf92VN.webp           [39m[1m[2m   31.73 kB[22m[1m[22m
[2mdist/[22m[32massets/f12-C9gfZ3OX.webp           [39m[1m[2m   31.78 kB[22m[1m[22m
[2mdist/[22m[32massets/a33-Cga7uGcj.webp           [39m[1m[2m   32.03 kB[22m[1m[22m
[2mdist/[22m[32massets/b23-B6ElGqTe.webp           [39m[1m[2m   32.12 kB[22m[1m[22m
[2mdist/[22m[32massets/d11-CpAmS6un.webp           [39m[1m[2m   34.29 kB[22m[1m[22m
[2mdist/[22m[32massets/b21-Basjb2md.webp           [39m[1m[2m   34.71 kB[22m[1m[22m
[2mdist/[22m[32massets/a31-BI1AAF8t.webp           [39m[1m[2m   36.56 kB[22m[1m[22m
[2mdist/[22m[32massets/a43-cF03UxCH.webp           [39m[1m[2m   37.21 kB[22m[1m[22m
[2mdist/[22m[32massets/a32-BaMr9MTm.webp           [39m[1m[2m   37.61 kB[22m[1m[22m
[2mdist/[22m[32massets/a34-NBSpWLRE.webp           [39m[1m[2m   39.10 kB[22m[1m[22m
[2mdist/[22m[32massets/g12-viffC3I8.webp           [39m[1m[2m   42.54 kB[22m[1m[22m
[2mdist/[22m[32massets/e13-hIdlQxEj.webp           [39m[1m[2m   43.88 kB[22m[1m[22m
[2mdist/[22m[32massets/f13-aa_8X8PR.webp           [39m[1m[2m   45.49 kB[22m[1m[22m
[2mdist/[22m[32massets/h1-C8xxUBr7.webp            [39m[1m[2m   51.02 kB[22m[1m[22m
[2mdist/[22m[32massets/g13-C2R88CIE.webp           [39m[1m[2m   51.74 kB[22m[1m[22m
[2mdist/[22m[32massets/k3-Cd3zz8c1.webp            [39m[1m[2m   52.10 kB[22m[1m[22m
[2mdist/[22m[32massets/k4-BmXGkHrr.webp            [39m[1m[2m   53.43 kB[22m[1m[22m
[2mdist/[22m[32massets/a42-nCqpJxHN.webp           [39m[1m[2m   56.03 kB[22m[1m[22m
[2mdist/[22m[32massets/d13-DkmCdQGC.webp           [39m[1m[2m   62.51 kB[22m[1m[22m
[2mdist/[22m[32massets/I3-ZgHd5LrS.webp            [39m[1m[2m   65.85 kB[22m[1m[22m
[2mdist/[22m[32massets/k1-CNh2ktfi.webp            [39m[1m[2m   69.20 kB[22m[1m[22m
[2mdist/[22m[32massets/d15-D0OZq6L5.webp           [39m[1m[2m   69.85 kB[22m[1m[22m
[2mdist/[22m[32massets/c12-C5B8k1U-.webp           [39m[1m[2m   70.06 kB[22m[1m[22m
[2mdist/[22m[32massets/c13-BP_OLSEY.webp           [39m[1m[2m   71.04 kB[22m[1m[22m
[2mdist/[22m[32massets/j3-DXs6ExE1.webp            [39m[1m[2m   80.74 kB[22m[1m[22m
[2mdist/[22m[32massets/I1-B7pehIyB.webp            [39m[1m[2m   83.13 kB[22m[1m[22m
[2mdist/[22m[32massets/I2-BY72er9E.webp            [39m[1m[2m   88.72 kB[22m[1m[22m
[2mdist/[22m[32massets/d14-BIyedSHZ.webp           [39m[1m[2m   92.73 kB[22m[1m[22m
[2mdist/[22m[32massets/d12-Czf6fckS.webp           [39m[1m[2m  111.58 kB[22m[1m[22m
[2mdist/[22m[32massets/k2-D-xX0yaf.webp            [39m[1m[2m  112.74 kB[22m[1m[22m
[2mdist/[22m[32massets/h5-COSOYjpm.webp            [39m[1m[2m  135.60 kB[22m[1m[22m
[2mdist/[22m[32massets/h2-BfGC_QOj.webp            [39m[1m[2m  137.11 kB[22m[1m[22m
[2mdist/[22m[32massets/h3-BQQ2UW6f.webp            [39m[1m[2m  142.13 kB[22m[1m[22m
[2mdist/[22m[32massets/h4-DgblkzVM.webp            [39m[1m[2m  151.86 kB[22m[1m[22m
[2mdist/[22m[32massets/j4-CPHuHKPV.webp            [39m[1m[2m  151.87 kB[22m[1m[22m
[2mdist/[22m[32massets/j2-LC5IE5Ec.webp            [39m[1m[2m  179.75 kB[22m[1m[22m
[2mdist/[22m[32massets/logo-CvGxO6hu.png           [39m[1m[2m  995.39 kB[22m[1m[22m
[2mdist/[22m[35massets/index-CzZGklme.css          [39m[1m[2m   42.44 kB[22m[1m[22m[2m Γöé gzip:   7.65 kB[22m
[2mdist/[22m[36massets/BrandsStrip-Dcr7LkL-.js     [39m[1m[2m    0.94 kB[22m[1m[22m[2m Γöé gzip:   0.42 kB[22m
[2mdist/[22m[36massets/Mission-CynDlZGs.js         [39m[1m[2m    1.84 kB[22m[1m[22m[2m Γöé gzip:   0.79 kB[22m
[2mdist/[22m[36massets/TrustStats-BQhgdbv5.js      [39m[1m[2m    2.11 kB[22m[1m[22m[2m Γöé gzip:   1.04 kB[22m
[2mdist/[22m[36massets/Services-Ds27cxJj.js        [39m[1m[2m    2.46 kB[22m[1m[22m[2m Γöé gzip:   1.05 kB[22m
[2mdist/[22m[36massets/Footer-C_y0oCBJ.js          [39m[1m[2m    3.89 kB[22m[1m[22m[2m Γöé gzip:   1.65 kB[22m
[2mdist/[22m[36massets/icons-vendor-CLdz5915.js    [39m[1m[2m    6.21 kB[22m[1m[22m[2m Γöé gzip:   2.69 kB[22m
[2mdist/[22m[36massets/ContactSection-CgI_a51w.js  [39m[1m[2m    6.84 kB[22m[1m[22m[2m Γöé gzip:   2.44 kB[22m
[2mdist/[22m[36massets/motion-vendor-CiUMCFyd.js   [39m[1m[2m  102.36 kB[22m[1m[22m[2m Γöé gzip:  33.34 kB[22m
[2mdist/[22m[36massets/index-Bz8LARc3.js           [39m[1m[2m  119.42 kB[22m[1m[22m[2m Γöé gzip:  45.17 kB[22m
[2mdist/[22m[36massets/react-vendor-BxThA0WO.js    [39m[1m[2m  139.10 kB[22m[1m[22m[2m Γöé gzip:  44.90 kB[22m
[2mdist/[22m[36massets/Bill-BOUbBn6f.js            [39m[1m[33m1,069.45 kB[39m[22m[2m Γöé gzip: 276.64 kB[22m
[32mΓ£ô built in 19.91s[39m
